CRITICAL - 2021-10-20 20:55:11 --> Call to a member function userdata() on null
#0 C:\xampp\htdocs\ci4\system\View\View.php(214): include()
#1 C:\xampp\htdocs\ci4\system\View\View.php(217): CodeIgniter\View\View->CodeIgniter\View\{closure}()
#2 C:\xampp\htdocs\ci4\system\View\View.php(432): CodeIgniter\View\View->render('layout/sidebar', NULL, true)
#3 C:\xampp\htdocs\ci4\app\Views\layout\index.php(25): CodeIgniter\View\View->include('layout/sidebar')
#4 C:\xampp\htdocs\ci4\system\View\View.php(214): include('C:\\xampp\\htdocs...')
#5 C:\xampp\htdocs\ci4\system\View\View.php(217): CodeIgniter\View\View->CodeIgniter\View\{closure}()
#6 C:\xampp\htdocs\ci4\system\View\View.php(230): CodeIgniter\View\View->render('layout/index', Array, true)
#7 C:\xampp\htdocs\ci4\system\Common.php(1092): CodeIgniter\View\View->render('dashboard', Array, true)
#8 C:\xampp\htdocs\ci4\app\Controllers\Dashboard.php(12): view('dashboard', Array)
#9 C:\xampp\htdocs\ci4\system\CodeIgniter.php(802): App\Controllers\Dashboard->index()
#10 C:\xampp\htdocs\ci4\system\CodeIgniter.php(399): CodeIgniter\CodeIgniter->runController(Object(App\Controllers\Dashboard))
#11 C:\xampp\htdocs\ci4\system\CodeIgniter.php(317): CodeIgniter\CodeIgniter->handleRequest(NULL, Object(Config\Cache), false)
#12 C:\xampp\htdocs\ci4\public\index.php(37): CodeIgniter\CodeIgniter->run()
#13 {main}
CRITICAL - 2021-10-20 20:55:42 --> Call to a member function userdata() on null
#0 C:\xampp\htdocs\ci4\system\View\View.php(214): include()
#1 C:\xampp\htdocs\ci4\system\View\View.php(217): CodeIgniter\View\View->CodeIgniter\View\{closure}()
#2 C:\xampp\htdocs\ci4\system\View\View.php(432): CodeIgniter\View\View->render('layout/sidebar', NULL, true)
#3 C:\xampp\htdocs\ci4\app\Views\layout\index.php(25): CodeIgniter\View\View->include('layout/sidebar')
#4 C:\xampp\htdocs\ci4\system\View\View.php(214): include('C:\\xampp\\htdocs...')
#5 C:\xampp\htdocs\ci4\system\View\View.php(217): CodeIgniter\View\View->CodeIgniter\View\{closure}()
#6 C:\xampp\htdocs\ci4\system\View\View.php(230): CodeIgniter\View\View->render('layout/index', Array, true)
#7 C:\xampp\htdocs\ci4\system\Common.php(1092): CodeIgniter\View\View->render('dashboard', Array, true)
#8 C:\xampp\htdocs\ci4\app\Controllers\Dashboard.php(12): view('dashboard', Array)
#9 C:\xampp\htdocs\ci4\system\CodeIgniter.php(802): App\Controllers\Dashboard->index()
#10 C:\xampp\htdocs\ci4\system\CodeIgniter.php(399): CodeIgniter\CodeIgniter->runController(Object(App\Controllers\Dashboard))
#11 C:\xampp\htdocs\ci4\system\CodeIgniter.php(317): CodeIgniter\CodeIgniter->handleRequest(NULL, Object(Config\Cache), false)
#12 C:\xampp\htdocs\ci4\public\index.php(37): CodeIgniter\CodeIgniter->run()
#13 {main}
CRITICAL - 2021-10-20 20:55:51 --> Call to a member function userdata() on null
#0 C:\xampp\htdocs\ci4\system\View\View.php(214): include()
#1 C:\xampp\htdocs\ci4\system\View\View.php(217): CodeIgniter\View\View->CodeIgniter\View\{closure}()
#2 C:\xampp\htdocs\ci4\system\View\View.php(432): CodeIgniter\View\View->render('layout/navbar', NULL, true)
#3 C:\xampp\htdocs\ci4\app\Views\layout\index.php(30): CodeIgniter\View\View->include('layout/navbar')
#4 C:\xampp\htdocs\ci4\system\View\View.php(214): include('C:\\xampp\\htdocs...')
#5 C:\xampp\htdocs\ci4\system\View\View.php(217): CodeIgniter\View\View->CodeIgniter\View\{closure}()
#6 C:\xampp\htdocs\ci4\system\View\View.php(230): CodeIgniter\View\View->render('layout/index', Array, true)
#7 C:\xampp\htdocs\ci4\system\Common.php(1092): CodeIgniter\View\View->render('dashboard', Array, true)
#8 C:\xampp\htdocs\ci4\app\Controllers\Dashboard.php(12): view('dashboard', Array)
#9 C:\xampp\htdocs\ci4\system\CodeIgniter.php(802): App\Controllers\Dashboard->index()
#10 C:\xampp\htdocs\ci4\system\CodeIgniter.php(399): CodeIgniter\CodeIgniter->runController(Object(App\Controllers\Dashboard))
#11 C:\xampp\htdocs\ci4\system\CodeIgniter.php(317): CodeIgniter\CodeIgniter->handleRequest(NULL, Object(Config\Cache), false)
#12 C:\xampp\htdocs\ci4\public\index.php(37): CodeIgniter\CodeIgniter->run()
#13 {main}
